2015-06-11 23:53:05 Error: [MissingPluginException] Plugin Upload could not be found.
Exception Attributes: array (
  'plugin' => 'Upload',
)
Request URL: /bop/admin
Stack Trace:
#0 E:\xampp\htdocs\bop\lib\Cake\Core\App.php(367): CakePlugin::path('Upload')
#1 E:\xampp\htdocs\bop\lib\Cake\Core\App.php(228): App::pluginPath('Upload')
#2 E:\xampp\htdocs\bop\lib\Cake\Core\App.php(549): App::path('Model/Behavior', 'Upload')
#3 [internal function]: App::load('UploadBehavior')
#4 [internal function]: spl_autoload_call('UploadBehavior')
#5 E:\xampp\htdocs\bop\lib\Cake\Model\BehaviorCollection.php(122): class_exists('UploadBehavior')
#6 E:\xampp\htdocs\bop\lib\Cake\Model\BehaviorCollection.php(68): BehaviorCollection->load('Upload.Upload', Array)
#7 E:\xampp\htdocs\bop\lib\Cake\Model\Model.php(748): BehaviorCollection->init('User', Array)
#8 [internal function]: Model->__construct(Array)
#9 E:\xampp\htdocs\bop\lib\Cake\Utility\ClassRegistry.php(168): ReflectionClass->newInstance(Array)
#10 E:\xampp\htdocs\bop\lib\Cake\View\Helper\FormHelper.php(148): ClassRegistry::init(Array)
#11 E:\xampp\htdocs\bop\lib\Cake\View\Helper\FormHelper.php(188): FormHelper->_getModel('User')
#12 E:\xampp\htdocs\bop\lib\Cake\View\Helper\FormHelper.php(340): FormHelper->_introspectModel('User', 'key')
#13 E:\xampp\htdocs\bop\app\View\Users\admin_login.ctp(28): FormHelper->create(NULL, Array)
#14 E:\xampp\htdocs\bop\lib\Cake\View\View.php(945): include('E:\\xampp\\htdocs...')
#15 E:\xampp\htdocs\bop\lib\Cake\View\View.php(907): View->_evaluate('E:\\xampp\\htdocs...', Array)
#16 E:\xampp\htdocs\bop\lib\Cake\View\View.php(471): View->_render('E:\\xampp\\htdocs...')
#17 E:\xampp\htdocs\bop\lib\Cake\Controller\Controller.php(948): View->render(NULL, NULL)
#18 E:\xampp\htdocs\bop\lib\Cake\Routing\Dispatcher.php(194): Controller->render()
#19 E:\xampp\htdocs\bop\lib\Cake\Routing\Dispatcher.php(162): Dispatcher->_invoke(Object(UsersController), Object(CakeRequest), Object(CakeResponse))
#20 E:\xampp\htdocs\bop\app\webroot\index.php(111): Dispatcher->dispatch(Object(CakeRequest), Object(CakeResponse))
#21 {main}
2015-06-11 23:53:06 Error: [MissingPluginException] Plugin Upload could not be found.
Exception Attributes: array (
  'plugin' => 'Upload',
)
Request URL: /bop/admin
Stack Trace:
#0 E:\xampp\htdocs\bop\lib\Cake\Core\App.php(367): CakePlugin::path('Upload')
#1 E:\xampp\htdocs\bop\lib\Cake\Core\App.php(228): App::pluginPath('Upload')
#2 E:\xampp\htdocs\bop\lib\Cake\Core\App.php(549): App::path('Model/Behavior', 'Upload')
#3 [internal function]: App::load('UploadBehavior')
#4 [internal function]: spl_autoload_call('UploadBehavior')
#5 E:\xampp\htdocs\bop\lib\Cake\Model\BehaviorCollection.php(122): class_exists('UploadBehavior')
#6 E:\xampp\htdocs\bop\lib\Cake\Model\BehaviorCollection.php(68): BehaviorCollection->load('Upload.Upload', Array)
#7 E:\xampp\htdocs\bop\lib\Cake\Model\Model.php(748): BehaviorCollection->init('User', Array)
#8 [internal function]: Model->__construct(Array)
#9 E:\xampp\htdocs\bop\lib\Cake\Utility\ClassRegistry.php(168): ReflectionClass->newInstance(Array)
#10 E:\xampp\htdocs\bop\lib\Cake\View\Helper\FormHelper.php(148): ClassRegistry::init(Array)
#11 E:\xampp\htdocs\bop\lib\Cake\View\Helper\FormHelper.php(188): FormHelper->_getModel('User')
#12 E:\xampp\htdocs\bop\lib\Cake\View\Helper\FormHelper.php(340): FormHelper->_introspectModel('User', 'key')
#13 E:\xampp\htdocs\bop\app\View\Users\admin_login.ctp(28): FormHelper->create(NULL, Array)
#14 E:\xampp\htdocs\bop\lib\Cake\View\View.php(945): include('E:\\xampp\\htdocs...')
#15 E:\xampp\htdocs\bop\lib\Cake\View\View.php(907): View->_evaluate('E:\\xampp\\htdocs...', Array)
#16 E:\xampp\htdocs\bop\lib\Cake\View\View.php(471): View->_render('E:\\xampp\\htdocs...')
#17 E:\xampp\htdocs\bop\lib\Cake\Controller\Controller.php(948): View->render(NULL, NULL)
#18 E:\xampp\htdocs\bop\lib\Cake\Routing\Dispatcher.php(194): Controller->render()
#19 E:\xampp\htdocs\bop\lib\Cake\Routing\Dispatcher.php(162): Dispatcher->_invoke(Object(UsersController), Object(CakeRequest), Object(CakeResponse))
#20 E:\xampp\htdocs\bop\app\webroot\index.php(111): Dispatcher->dispatch(Object(CakeRequest), Object(CakeResponse))
#21 {main}
2015-06-11 23:53:06 Error: [MissingPluginException] Plugin Upload could not be found.
Exception Attributes: array (
  'plugin' => 'Upload',
)
Request URL: /bop/admin
Stack Trace:
#0 E:\xampp\htdocs\bop\lib\Cake\Core\App.php(367): CakePlugin::path('Upload')
#1 E:\xampp\htdocs\bop\lib\Cake\Core\App.php(228): App::pluginPath('Upload')
#2 E:\xampp\htdocs\bop\lib\Cake\Core\App.php(549): App::path('Model/Behavior', 'Upload')
#3 [internal function]: App::load('UploadBehavior')
#4 [internal function]: spl_autoload_call('UploadBehavior')
#5 E:\xampp\htdocs\bop\lib\Cake\Model\BehaviorCollection.php(122): class_exists('UploadBehavior')
#6 E:\xampp\htdocs\bop\lib\Cake\Model\BehaviorCollection.php(68): BehaviorCollection->load('Upload.Upload', Array)
#7 E:\xampp\htdocs\bop\lib\Cake\Model\Model.php(748): BehaviorCollection->init('User', Array)
#8 [internal function]: Model->__construct(Array)
#9 E:\xampp\htdocs\bop\lib\Cake\Utility\ClassRegistry.php(168): ReflectionClass->newInstance(Array)
#10 E:\xampp\htdocs\bop\lib\Cake\View\Helper\FormHelper.php(148): ClassRegistry::init(Array)
#11 E:\xampp\htdocs\bop\lib\Cake\View\Helper\FormHelper.php(188): FormHelper->_getModel('User')
#12 E:\xampp\htdocs\bop\lib\Cake\View\Helper\FormHelper.php(340): FormHelper->_introspectModel('User', 'key')
#13 E:\xampp\htdocs\bop\app\View\Users\admin_login.ctp(28): FormHelper->create(NULL, Array)
#14 E:\xampp\htdocs\bop\lib\Cake\View\View.php(945): include('E:\\xampp\\htdocs...')
#15 E:\xampp\htdocs\bop\lib\Cake\View\View.php(907): View->_evaluate('E:\\xampp\\htdocs...', Array)
#16 E:\xampp\htdocs\bop\lib\Cake\View\View.php(471): View->_render('E:\\xampp\\htdocs...')
#17 E:\xampp\htdocs\bop\lib\Cake\Controller\Controller.php(948): View->render(NULL, NULL)
#18 E:\xampp\htdocs\bop\lib\Cake\Routing\Dispatcher.php(194): Controller->render()
#19 E:\xampp\htdocs\bop\lib\Cake\Routing\Dispatcher.php(162): Dispatcher->_invoke(Object(UsersController), Object(CakeRequest), Object(CakeResponse))
#20 E:\xampp\htdocs\bop\app\webroot\index.php(111): Dispatcher->dispatch(Object(CakeRequest), Object(CakeResponse))
#21 {main}
2015-06-11 23:53:06 Error: [MissingPluginException] Plugin Upload could not be found.
Exception Attributes: array (
  'plugin' => 'Upload',
)
Request URL: /bop/admin
Stack Trace:
#0 E:\xampp\htdocs\bop\lib\Cake\Core\App.php(367): CakePlugin::path('Upload')
#1 E:\xampp\htdocs\bop\lib\Cake\Core\App.php(228): App::pluginPath('Upload')
#2 E:\xampp\htdocs\bop\lib\Cake\Core\App.php(549): App::path('Model/Behavior', 'Upload')
#3 [internal function]: App::load('UploadBehavior')
#4 [internal function]: spl_autoload_call('UploadBehavior')
#5 E:\xampp\htdocs\bop\lib\Cake\Model\BehaviorCollection.php(122): class_exists('UploadBehavior')
#6 E:\xampp\htdocs\bop\lib\Cake\Model\BehaviorCollection.php(68): BehaviorCollection->load('Upload.Upload', Array)
#7 E:\xampp\htdocs\bop\lib\Cake\Model\Model.php(748): BehaviorCollection->init('User', Array)
#8 [internal function]: Model->__construct(Array)
#9 E:\xampp\htdocs\bop\lib\Cake\Utility\ClassRegistry.php(168): ReflectionClass->newInstance(Array)
#10 E:\xampp\htdocs\bop\lib\Cake\View\Helper\FormHelper.php(148): ClassRegistry::init(Array)
#11 E:\xampp\htdocs\bop\lib\Cake\View\Helper\FormHelper.php(188): FormHelper->_getModel('User')
#12 E:\xampp\htdocs\bop\lib\Cake\View\Helper\FormHelper.php(340): FormHelper->_introspectModel('User', 'key')
#13 E:\xampp\htdocs\bop\app\View\Users\admin_login.ctp(28): FormHelper->create(NULL, Array)
#14 E:\xampp\htdocs\bop\lib\Cake\View\View.php(945): include('E:\\xampp\\htdocs...')
#15 E:\xampp\htdocs\bop\lib\Cake\View\View.php(907): View->_evaluate('E:\\xampp\\htdocs...', Array)
#16 E:\xampp\htdocs\bop\lib\Cake\View\View.php(471): View->_render('E:\\xampp\\htdocs...')
#17 E:\xampp\htdocs\bop\lib\Cake\Controller\Controller.php(948): View->render(NULL, NULL)
#18 E:\xampp\htdocs\bop\lib\Cake\Routing\Dispatcher.php(194): Controller->render()
#19 E:\xampp\htdocs\bop\lib\Cake\Routing\Dispatcher.php(162): Dispatcher->_invoke(Object(UsersController), Object(CakeRequest), Object(CakeResponse))
#20 E:\xampp\htdocs\bop\app\webroot\index.php(111): Dispatcher->dispatch(Object(CakeRequest), Object(CakeResponse))
#21 {main}
2015-06-11 23:53:07 Error: [MissingPluginException] Plugin Upload could not be found.
Exception Attributes: array (
  'plugin' => 'Upload',
)
Request URL: /bop/admin
Stack Trace:
#0 E:\xampp\htdocs\bop\lib\Cake\Core\App.php(367): CakePlugin::path('Upload')
#1 E:\xampp\htdocs\bop\lib\Cake\Core\App.php(228): App::pluginPath('Upload')
#2 E:\xampp\htdocs\bop\lib\Cake\Core\App.php(549): App::path('Model/Behavior', 'Upload')
#3 [internal function]: App::load('UploadBehavior')
#4 [internal function]: spl_autoload_call('UploadBehavior')
#5 E:\xampp\htdocs\bop\lib\Cake\Model\BehaviorCollection.php(122): class_exists('UploadBehavior')
#6 E:\xampp\htdocs\bop\lib\Cake\Model\BehaviorCollection.php(68): BehaviorCollection->load('Upload.Upload', Array)
#7 E:\xampp\htdocs\bop\lib\Cake\Model\Model.php(748): BehaviorCollection->init('User', Array)
#8 [internal function]: Model->__construct(Array)
#9 E:\xampp\htdocs\bop\lib\Cake\Utility\ClassRegistry.php(168): ReflectionClass->newInstance(Array)
#10 E:\xampp\htdocs\bop\lib\Cake\View\Helper\FormHelper.php(148): ClassRegistry::init(Array)
#11 E:\xampp\htdocs\bop\lib\Cake\View\Helper\FormHelper.php(188): FormHelper->_getModel('User')
#12 E:\xampp\htdocs\bop\lib\Cake\View\Helper\FormHelper.php(340): FormHelper->_introspectModel('User', 'key')
#13 E:\xampp\htdocs\bop\app\View\Users\admin_login.ctp(28): FormHelper->create(NULL, Array)
#14 E:\xampp\htdocs\bop\lib\Cake\View\View.php(945): include('E:\\xampp\\htdocs...')
#15 E:\xampp\htdocs\bop\lib\Cake\View\View.php(907): View->_evaluate('E:\\xampp\\htdocs...', Array)
#16 E:\xampp\htdocs\bop\lib\Cake\View\View.php(471): View->_render('E:\\xampp\\htdocs...')
#17 E:\xampp\htdocs\bop\lib\Cake\Controller\Controller.php(948): View->render(NULL, NULL)
#18 E:\xampp\htdocs\bop\lib\Cake\Routing\Dispatcher.php(194): Controller->render()
#19 E:\xampp\htdocs\bop\lib\Cake\Routing\Dispatcher.php(162): Dispatcher->_invoke(Object(UsersController), Object(CakeRequest), Object(CakeResponse))
#20 E:\xampp\htdocs\bop\app\webroot\index.php(111): Dispatcher->dispatch(Object(CakeRequest), Object(CakeResponse))
#21 {main}
2015-06-11 23:53:07 Error: [MissingPluginException] Plugin Upload could not be found.
Exception Attributes: array (
  'plugin' => 'Upload',
)
Request URL: /bop/admin
Stack Trace:
#0 E:\xampp\htdocs\bop\lib\Cake\Core\App.php(367): CakePlugin::path('Upload')
#1 E:\xampp\htdocs\bop\lib\Cake\Core\App.php(228): App::pluginPath('Upload')
#2 E:\xampp\htdocs\bop\lib\Cake\Core\App.php(549): App::path('Model/Behavior', 'Upload')
#3 [internal function]: App::load('UploadBehavior')
#4 [internal function]: spl_autoload_call('UploadBehavior')
#5 E:\xampp\htdocs\bop\lib\Cake\Model\BehaviorCollection.php(122): class_exists('UploadBehavior')
#6 E:\xampp\htdocs\bop\lib\Cake\Model\BehaviorCollection.php(68): BehaviorCollection->load('Upload.Upload', Array)
#7 E:\xampp\htdocs\bop\lib\Cake\Model\Model.php(748): BehaviorCollection->init('User', Array)
#8 [internal function]: Model->__construct(Array)
#9 E:\xampp\htdocs\bop\lib\Cake\Utility\ClassRegistry.php(168): ReflectionClass->newInstance(Array)
#10 E:\xampp\htdocs\bop\lib\Cake\View\Helper\FormHelper.php(148): ClassRegistry::init(Array)
#11 E:\xampp\htdocs\bop\lib\Cake\View\Helper\FormHelper.php(188): FormHelper->_getModel('User')
#12 E:\xampp\htdocs\bop\lib\Cake\View\Helper\FormHelper.php(340): FormHelper->_introspectModel('User', 'key')
#13 E:\xampp\htdocs\bop\app\View\Users\admin_login.ctp(28): FormHelper->create(NULL, Array)
#14 E:\xampp\htdocs\bop\lib\Cake\View\View.php(945): include('E:\\xampp\\htdocs...')
#15 E:\xampp\htdocs\bop\lib\Cake\View\View.php(907): View->_evaluate('E:\\xampp\\htdocs...', Array)
#16 E:\xampp\htdocs\bop\lib\Cake\View\View.php(471): View->_render('E:\\xampp\\htdocs...')
#17 E:\xampp\htdocs\bop\lib\Cake\Controller\Controller.php(948): View->render(NULL, NULL)
#18 E:\xampp\htdocs\bop\lib\Cake\Routing\Dispatcher.php(194): Controller->render()
#19 E:\xampp\htdocs\bop\lib\Cake\Routing\Dispatcher.php(162): Dispatcher->_invoke(Object(UsersController), Object(CakeRequest), Object(CakeResponse))
#20 E:\xampp\htdocs\bop\app\webroot\index.php(111): Dispatcher->dispatch(Object(CakeRequest), Object(CakeResponse))
#21 {main}
2015-06-11 23:53:30 Error: Fatal Error (1): Class 'UserRoleConst' not found in [E:\xampp\htdocs\bop\app\Controller\AppController.php, line 223]
2015-06-11 23:53:30 Error: [FatalErrorException] Class 'UserRoleConst' not found
Request URL: /bop/admin
Stack Trace:
#0 E:\xampp\htdocs\bop\lib\Cake\Error\ErrorHandler.php(184): ErrorHandler::handleFatalError(1, 'Class 'UserRole...', 'E:\\xampp\\htdocs...', 223)
#1 [internal function]: ErrorHandler::handleError(1, 'Class 'UserRole...', 'E:\\xampp\\htdocs...', 223, Array)
#2 E:\xampp\htdocs\bop\lib\Cake\Core\App.php(931): call_user_func('ErrorHandler::h...', 1, 'Class 'UserRole...', 'E:\\xampp\\htdocs...', 223, Array)
#3 E:\xampp\htdocs\bop\lib\Cake\Core\App.php(904): App::_checkFatalError()
#4 [internal function]: App::shutdown()
#5 {main}
2015-06-11 23:54:13 Error: [MissingPluginException] Plugin Upload could not be found.
Exception Attributes: array (
  'plugin' => 'Upload',
)
Request URL: /bop/admin
Stack Trace:
#0 E:\xampp\htdocs\bop\lib\Cake\Core\App.php(367): CakePlugin::path('Upload')
#1 E:\xampp\htdocs\bop\lib\Cake\Core\App.php(228): App::pluginPath('Upload')
#2 E:\xampp\htdocs\bop\lib\Cake\Core\App.php(549): App::path('Model/Behavior', 'Upload')
#3 [internal function]: App::load('UploadBehavior')
#4 [internal function]: spl_autoload_call('UploadBehavior')
#5 E:\xampp\htdocs\bop\lib\Cake\Model\BehaviorCollection.php(122): class_exists('UploadBehavior')
#6 E:\xampp\htdocs\bop\lib\Cake\Model\BehaviorCollection.php(68): BehaviorCollection->load('Upload.Upload', Array)
#7 E:\xampp\htdocs\bop\lib\Cake\Model\Model.php(748): BehaviorCollection->init('User', Array)
#8 [internal function]: Model->__construct(Array)
#9 E:\xampp\htdocs\bop\lib\Cake\Utility\ClassRegistry.php(168): ReflectionClass->newInstance(Array)
#10 E:\xampp\htdocs\bop\lib\Cake\View\Helper\FormHelper.php(148): ClassRegistry::init(Array)
#11 E:\xampp\htdocs\bop\lib\Cake\View\Helper\FormHelper.php(188): FormHelper->_getModel('User')
#12 E:\xampp\htdocs\bop\lib\Cake\View\Helper\FormHelper.php(340): FormHelper->_introspectModel('User', 'key')
#13 E:\xampp\htdocs\bop\app\View\Users\admin_login.ctp(28): FormHelper->create(NULL, Array)
#14 E:\xampp\htdocs\bop\lib\Cake\View\View.php(945): include('E:\\xampp\\htdocs...')
#15 E:\xampp\htdocs\bop\lib\Cake\View\View.php(907): View->_evaluate('E:\\xampp\\htdocs...', Array)
#16 E:\xampp\htdocs\bop\lib\Cake\View\View.php(471): View->_render('E:\\xampp\\htdocs...')
#17 E:\xampp\htdocs\bop\lib\Cake\Controller\Controller.php(948): View->render(NULL, NULL)
#18 E:\xampp\htdocs\bop\lib\Cake\Routing\Dispatcher.php(194): Controller->render()
#19 E:\xampp\htdocs\bop\lib\Cake\Routing\Dispatcher.php(162): Dispatcher->_invoke(Object(UsersController), Object(CakeRequest), Object(CakeResponse))
#20 E:\xampp\htdocs\bop\app\webroot\index.php(111): Dispatcher->dispatch(Object(CakeRequest), Object(CakeResponse))
#21 {main}
2015-06-11 23:54:41 Error: Fatal Error (1): Class 'UserRoleConst' not found in [E:\xampp\htdocs\bop\app\Controller\AppController.php, line 223]
2015-06-11 23:54:41 Error: [FatalErrorException] Class 'UserRoleConst' not found
Request URL: /bop/admin
Stack Trace:
#0 E:\xampp\htdocs\bop\lib\Cake\Error\ErrorHandler.php(184): ErrorHandler::handleFatalError(1, 'Class 'UserRole...', 'E:\\xampp\\htdocs...', 223)
#1 [internal function]: ErrorHandler::handleError(1, 'Class 'UserRole...', 'E:\\xampp\\htdocs...', 223, Array)
#2 E:\xampp\htdocs\bop\lib\Cake\Core\App.php(931): call_user_func('ErrorHandler::h...', 1, 'Class 'UserRole...', 'E:\\xampp\\htdocs...', 223, Array)
#3 E:\xampp\htdocs\bop\lib\Cake\Core\App.php(904): App::_checkFatalError()
#4 [internal function]: App::shutdown()
#5 {main}
2015-06-11 23:55:42 Error: [MissingPluginException] Plugin Upload could not be found.
Exception Attributes: array (
  'plugin' => 'Upload',
)
Request URL: /bop/admin
Stack Trace:
#0 E:\xampp\htdocs\bop\lib\Cake\Core\App.php(367): CakePlugin::path('Upload')
#1 E:\xampp\htdocs\bop\lib\Cake\Core\App.php(228): App::pluginPath('Upload')
#2 E:\xampp\htdocs\bop\lib\Cake\Core\App.php(549): App::path('Model/Behavior', 'Upload')
#3 [internal function]: App::load('UploadBehavior')
#4 [internal function]: spl_autoload_call('UploadBehavior')
#5 E:\xampp\htdocs\bop\lib\Cake\Model\BehaviorCollection.php(122): class_exists('UploadBehavior')
#6 E:\xampp\htdocs\bop\lib\Cake\Model\BehaviorCollection.php(68): BehaviorCollection->load('Upload.Upload', Array)
#7 E:\xampp\htdocs\bop\lib\Cake\Model\Model.php(748): BehaviorCollection->init('User', Array)
#8 [internal function]: Model->__construct(Array)
#9 E:\xampp\htdocs\bop\lib\Cake\Utility\ClassRegistry.php(168): ReflectionClass->newInstance(Array)
#10 E:\xampp\htdocs\bop\lib\Cake\View\Helper\FormHelper.php(148): ClassRegistry::init(Array)
#11 E:\xampp\htdocs\bop\lib\Cake\View\Helper\FormHelper.php(188): FormHelper->_getModel('User')
#12 E:\xampp\htdocs\bop\lib\Cake\View\Helper\FormHelper.php(340): FormHelper->_introspectModel('User', 'key')
#13 E:\xampp\htdocs\bop\app\View\Users\admin_login.ctp(28): FormHelper->create(NULL, Array)
#14 E:\xampp\htdocs\bop\lib\Cake\View\View.php(945): include('E:\\xampp\\htdocs...')
#15 E:\xampp\htdocs\bop\lib\Cake\View\View.php(907): View->_evaluate('E:\\xampp\\htdocs...', Array)
#16 E:\xampp\htdocs\bop\lib\Cake\View\View.php(471): View->_render('E:\\xampp\\htdocs...')
#17 E:\xampp\htdocs\bop\lib\Cake\Controller\Controller.php(948): View->render(NULL, NULL)
#18 E:\xampp\htdocs\bop\lib\Cake\Routing\Dispatcher.php(194): Controller->render()
#19 E:\xampp\htdocs\bop\lib\Cake\Routing\Dispatcher.php(162): Dispatcher->_invoke(Object(UsersController), Object(CakeRequest), Object(CakeResponse))
#20 E:\xampp\htdocs\bop\app\webroot\index.php(111): Dispatcher->dispatch(Object(CakeRequest), Object(CakeResponse))
#21 {main}
2015-06-11 23:56:07 Error: [MissingPluginException] Plugin Upload could not be found.
Exception Attributes: array (
  'plugin' => 'Upload',
)
Stack Trace:
#0 E:\xampp\htdocs\bop\app\Config\bootstrap.php(114): CakePlugin::load('Upload')
#1 E:\xampp\htdocs\bop\lib\Cake\Core\Configure.php(94): include('E:\\xampp\\htdocs...')
#2 E:\xampp\htdocs\bop\lib\Cake\bootstrap.php(171): Configure::bootstrap(true)
#3 E:\xampp\htdocs\bop\app\webroot\index.php(93): include('E:\\xampp\\htdocs...')
#4 {main}
2015-06-11 23:57:59 Error: [MissingBehaviorException] Behavior class UploadBehavior could not be found.
Exception Attributes: array (
  'class' => 'UploadBehavior',
  'plugin' => 'Upload',
)
Request URL: /bop/admin
Stack Trace:
#0 E:\xampp\htdocs\bop\lib\Cake\Model\BehaviorCollection.php(68): BehaviorCollection->load('Upload.Upload', Array)
#1 E:\xampp\htdocs\bop\lib\Cake\Model\Model.php(748): BehaviorCollection->init('User', Array)
#2 [internal function]: Model->__construct(Array)
#3 E:\xampp\htdocs\bop\lib\Cake\Utility\ClassRegistry.php(168): ReflectionClass->newInstance(Array)
#4 E:\xampp\htdocs\bop\lib\Cake\View\Helper\FormHelper.php(148): ClassRegistry::init(Array)
#5 E:\xampp\htdocs\bop\lib\Cake\View\Helper\FormHelper.php(188): FormHelper->_getModel('User')
#6 E:\xampp\htdocs\bop\lib\Cake\View\Helper\FormHelper.php(340): FormHelper->_introspectModel('User', 'key')
#7 E:\xampp\htdocs\bop\app\View\Users\admin_login.ctp(28): FormHelper->create(NULL, Array)
#8 E:\xampp\htdocs\bop\lib\Cake\View\View.php(945): include('E:\\xampp\\htdocs...')
#9 E:\xampp\htdocs\bop\lib\Cake\View\View.php(907): View->_evaluate('E:\\xampp\\htdocs...', Array)
#10 E:\xampp\htdocs\bop\lib\Cake\View\View.php(471): View->_render('E:\\xampp\\htdocs...')
#11 E:\xampp\htdocs\bop\lib\Cake\Controller\Controller.php(948): View->render(NULL, NULL)
#12 E:\xampp\htdocs\bop\lib\Cake\Routing\Dispatcher.php(194): Controller->render()
#13 E:\xampp\htdocs\bop\lib\Cake\Routing\Dispatcher.php(162): Dispatcher->_invoke(Object(UsersController), Object(CakeRequest), Object(CakeResponse))
#14 E:\xampp\htdocs\bop\app\webroot\index.php(111): Dispatcher->dispatch(Object(CakeRequest), Object(CakeResponse))
#15 {main}
2015-06-12 00:24:22 Error: [MissingControllerException] Controller class AdminImagesController could not be found.
Exception Attributes: array (
  'class' => 'AdminImagesController',
  'plugin' => NULL,
)
Request URL: /bop/admin_images/logo.png
Stack Trace:
#0 E:\xampp\htdocs\bop\app\webroot\index.php(111): Dispatcher->dispatch(Object(CakeRequest), Object(CakeResponse))
#1 {main}
2015-06-12 00:25:03 Error: [MissingControllerException] Controller class AdminImagesController could not be found.
Exception Attributes: array (
  'class' => 'AdminImagesController',
  'plugin' => NULL,
)
Request URL: /bop/admin_images/logo.png
Stack Trace:
#0 E:\xampp\htdocs\bop\app\webroot\index.php(111): Dispatcher->dispatch(Object(CakeRequest), Object(CakeResponse))
#1 {main}
2015-06-12 00:31:09 Error: [MissingControllerException] Controller class AdminImagesController could not be found.
Exception Attributes: array (
  'class' => 'AdminImagesController',
  'plugin' => NULL,
)
Request URL: /bop/admin_images/logo.png
Stack Trace:
#0 E:\xampp\htdocs\bop\app\webroot\index.php(111): Dispatcher->dispatch(Object(CakeRequest), Object(CakeResponse))
#1 {main}
2015-06-12 00:33:30 Error: [MissingControllerException] Controller class AdminImagesController could not be found.
Exception Attributes: array (
  'class' => 'AdminImagesController',
  'plugin' => NULL,
)
Request URL: /bop/admin_images/logo.png
Stack Trace:
#0 E:\xampp\htdocs\bop\app\webroot\index.php(111): Dispatcher->dispatch(Object(CakeRequest), Object(CakeResponse))
#1 {main}
2015-06-12 00:53:34 Error: [MissingControllerException] Controller class AdminImagesController could not be found.
Exception Attributes: array (
  'class' => 'AdminImagesController',
  'plugin' => NULL,
)
Request URL: /bop/admin_images/logo.png
Stack Trace:
#0 E:\xampp\htdocs\bop\app\webroot\index.php(111): Dispatcher->dispatch(Object(CakeRequest), Object(CakeResponse))
#1 {main}
2015-06-12 00:53:36 Error: [MissingControllerException] Controller class AdminImagesController could not be found.
Exception Attributes: array (
  'class' => 'AdminImagesController',
  'plugin' => NULL,
)
Request URL: /bop/admin_images/logo.png
Stack Trace:
#0 E:\xampp\htdocs\bop\app\webroot\index.php(111): Dispatcher->dispatch(Object(CakeRequest), Object(CakeResponse))
#1 {main}
2015-06-12 00:55:13 Error: [MissingControllerException] Controller class AdminImagesController could not be found.
Exception Attributes: array (
  'class' => 'AdminImagesController',
  'plugin' => NULL,
)
Request URL: /bop/admin_images/logo.png
Stack Trace:
#0 E:\xampp\htdocs\bop\app\webroot\index.php(111): Dispatcher->dispatch(Object(CakeRequest), Object(CakeResponse))
#1 {main}
2015-06-11 19:25:44 Error: [MissingControllerException] Controller class AdminImagesController could not be found.
Exception Attributes: array (
  'class' => 'AdminImagesController',
  'plugin' => NULL,
)
Request URL: /bop/admin_images/logo.png
Stack Trace:
#0 E:\xampp\htdocs\bop\app\webroot\index.php(111): Dispatcher->dispatch(Object(CakeRequest), Object(CakeResponse))
#1 {main}
2015-06-11 19:25:51 Error: [MissingControllerException] Controller class AdminImagesController could not be found.
Exception Attributes: array (
  'class' => 'AdminImagesController',
  'plugin' => NULL,
)
Request URL: /bop/admin_images/logo.png
Stack Trace:
#0 E:\xampp\htdocs\bop\app\webroot\index.php(111): Dispatcher->dispatch(Object(CakeRequest), Object(CakeResponse))
#1 {main}
2015-06-11 19:26:52 Error: [MissingControllerException] Controller class AdminImagesController could not be found.
Exception Attributes: array (
  'class' => 'AdminImagesController',
  'plugin' => NULL,
)
Request URL: /bop/admin_images/logo.png
Stack Trace:
#0 E:\xampp\htdocs\bop\app\webroot\index.php(111): Dispatcher->dispatch(Object(CakeRequest), Object(CakeResponse))
#1 {main}
2015-06-11 19:29:52 Error: [MissingControllerException] Controller class AdminImagesController could not be found.
Exception Attributes: array (
  'class' => 'AdminImagesController',
  'plugin' => NULL,
)
Request URL: /bop/admin_images/logo.png
Stack Trace:
#0 E:\xampp\htdocs\bop\app\webroot\index.php(111): Dispatcher->dispatch(Object(CakeRequest), Object(CakeResponse))
#1 {main}
2015-06-12 16:27:23 Error: [MissingControllerException] Controller class AdminImagesController could not be found.
Exception Attributes: array (
  'class' => 'AdminImagesController',
  'plugin' => NULL,
)
Request URL: /bop/admin_images/logo.png
Stack Trace:
#0 E:\xampp\htdocs\bop\app\webroot\index.php(111): Dispatcher->dispatch(Object(CakeRequest), Object(CakeResponse))
#1 {main}
2015-06-12 16:28:25 Error: [MissingControllerException] Controller class AdminImagesController could not be found.
Exception Attributes: array (
  'class' => 'AdminImagesController',
  'plugin' => NULL,
)
Request URL: /bop/admin_images/logo.png
Stack Trace:
#0 E:\xampp\htdocs\bop\app\webroot\index.php(111): Dispatcher->dispatch(Object(CakeRequest), Object(CakeResponse))
#1 {main}
2015-06-12 16:28:32 Error: [MissingControllerException] Controller class AdminImagesController could not be found.
Exception Attributes: array (
  'class' => 'AdminImagesController',
  'plugin' => NULL,
)
Request URL: /bop/admin_images/logo.png
Stack Trace:
#0 E:\xampp\htdocs\bop\app\webroot\index.php(111): Dispatcher->dispatch(Object(CakeRequest), Object(CakeResponse))
#1 {main}
2015-06-12 16:42:48 Error: [MissingControllerException] Controller class AdminImagesController could not be found.
Exception Attributes: array (
  'class' => 'AdminImagesController',
  'plugin' => NULL,
)
Request URL: /bop/admin_images/logo.png
Stack Trace:
#0 E:\xampp\htdocs\bop\app\webroot\index.php(111): Dispatcher->dispatch(Object(CakeRequest), Object(CakeResponse))
#1 {main}
2015-06-12 16:42:52 Error: [MissingControllerException] Controller class AdminImagesController could not be found.
Exception Attributes: array (
  'class' => 'AdminImagesController',
  'plugin' => NULL,
)
Request URL: /bop/admin_images/logo.png
Stack Trace:
#0 E:\xampp\htdocs\bop\app\webroot\index.php(111): Dispatcher->dispatch(Object(CakeRequest), Object(CakeResponse))
#1 {main}
2015-06-12 16:42:55 Error: [MissingControllerException] Controller class AdminImagesController could not be found.
Exception Attributes: array (
  'class' => 'AdminImagesController',
  'plugin' => NULL,
)
Request URL: /bop/admin_images/logo.png
Stack Trace:
#0 E:\xampp\htdocs\bop\app\webroot\index.php(111): Dispatcher->dispatch(Object(CakeRequest), Object(CakeResponse))
#1 {main}
2015-06-12 16:43:13 Error: [MissingControllerException] Controller class AdminImagesController could not be found.
Exception Attributes: array (
  'class' => 'AdminImagesController',
  'plugin' => NULL,
)
Request URL: /bop/admin_images/logo.png
Stack Trace:
#0 E:\xampp\htdocs\bop\app\webroot\index.php(111): Dispatcher->dispatch(Object(CakeRequest), Object(CakeResponse))
#1 {main}
2015-06-12 16:47:41 Error: [MissingControllerException] Controller class AdminImagesController could not be found.
Exception Attributes: array (
  'class' => 'AdminImagesController',
  'plugin' => NULL,
)
Request URL: /bop/admin_images/logo.png
Stack Trace:
#0 E:\xampp\htdocs\bop\app\webroot\index.php(111): Dispatcher->dispatch(Object(CakeRequest), Object(CakeResponse))
#1 {main}
2015-06-12 16:48:14 Error: [MissingControllerException] Controller class AdminImagesController could not be found.
Exception Attributes: array (
  'class' => 'AdminImagesController',
  'plugin' => NULL,
)
Request URL: /bop/admin_images/logo.png
Stack Trace:
#0 E:\xampp\htdocs\bop\app\webroot\index.php(111): Dispatcher->dispatch(Object(CakeRequest), Object(CakeResponse))
#1 {main}
2015-06-12 16:48:38 Error: [MissingControllerException] Controller class AdminImagesController could not be found.
Exception Attributes: array (
  'class' => 'AdminImagesController',
  'plugin' => NULL,
)
Request URL: /bop/admin_images/logo.png
Stack Trace:
#0 E:\xampp\htdocs\bop\app\webroot\index.php(111): Dispatcher->dispatch(Object(CakeRequest), Object(CakeResponse))
#1 {main}
2015-06-12 16:48:54 Error: [MissingControllerException] Controller class AdminImagesController could not be found.
Exception Attributes: array (
  'class' => 'AdminImagesController',
  'plugin' => NULL,
)
Request URL: /bop/admin_images/logo.png
Stack Trace:
#0 E:\xampp\htdocs\bop\app\webroot\index.php(111): Dispatcher->dispatch(Object(CakeRequest), Object(CakeResponse))
#1 {main}
2015-06-12 16:50:20 Error: [MissingControllerException] Controller class AdminImagesController could not be found.
Exception Attributes: array (
  'class' => 'AdminImagesController',
  'plugin' => NULL,
)
Request URL: /bop/admin_images/logo.png
Stack Trace:
#0 E:\xampp\htdocs\bop\app\webroot\index.php(111): Dispatcher->dispatch(Object(CakeRequest), Object(CakeResponse))
#1 {main}
2015-06-12 16:52:43 Error: [MissingControllerException] Controller class AdminImagesController could not be found.
Exception Attributes: array (
  'class' => 'AdminImagesController',
  'plugin' => NULL,
)
Request URL: /bop/admin_images/logo.png
Stack Trace:
#0 E:\xampp\htdocs\bop\app\webroot\index.php(111): Dispatcher->dispatch(Object(CakeRequest), Object(CakeResponse))
#1 {main}
2015-06-12 16:57:15 Error: [MissingControllerException] Controller class AdminImagesController could not be found.
Exception Attributes: array (
  'class' => 'AdminImagesController',
  'plugin' => NULL,
)
Request URL: /bop/admin_images/logo.png
Stack Trace:
#0 E:\xampp\htdocs\bop\app\webroot\index.php(111): Dispatcher->dispatch(Object(CakeRequest), Object(CakeResponse))
#1 {main}
2015-06-12 17:04:09 Error: [MissingControllerException] Controller class AdminImagesController could not be found.
Exception Attributes: array (
  'class' => 'AdminImagesController',
  'plugin' => NULL,
)
Request URL: /bop/admin_images/logo.png
Stack Trace:
#0 E:\xampp\htdocs\bop\app\webroot\index.php(111): Dispatcher->dispatch(Object(CakeRequest), Object(CakeResponse))
#1 {main}
2015-06-12 17:04:17 Error: [MissingControllerException] Controller class AdminImagesController could not be found.
Exception Attributes: array (
  'class' => 'AdminImagesController',
  'plugin' => NULL,
)
Request URL: /bop/admin_images/logo.png
Stack Trace:
#0 E:\xampp\htdocs\bop\app\webroot\index.php(111): Dispatcher->dispatch(Object(CakeRequest), Object(CakeResponse))
#1 {main}
2015-06-12 17:05:45 Error: [MissingControllerException] Controller class AdminImagesController could not be found.
Exception Attributes: array (
  'class' => 'AdminImagesController',
  'plugin' => NULL,
)
Request URL: /bop/admin_images/logo.png
Stack Trace:
#0 E:\xampp\htdocs\bop\app\webroot\index.php(111): Dispatcher->dispatch(Object(CakeRequest), Object(CakeResponse))
#1 {main}
2015-06-12 17:06:14 Error: [MissingControllerException] Controller class AdminImagesController could not be found.
Exception Attributes: array (
  'class' => 'AdminImagesController',
  'plugin' => NULL,
)
Request URL: /bop/admin_images/logo.png
Stack Trace:
#0 E:\xampp\htdocs\bop\app\webroot\index.php(111): Dispatcher->dispatch(Object(CakeRequest), Object(CakeResponse))
#1 {main}
2015-06-12 17:06:27 Error: [MissingControllerException] Controller class AdminImagesController could not be found.
Exception Attributes: array (
  'class' => 'AdminImagesController',
  'plugin' => NULL,
)
Request URL: /bop/admin_images/logo.png
Stack Trace:
#0 E:\xampp\htdocs\bop\app\webroot\index.php(111): Dispatcher->dispatch(Object(CakeRequest), Object(CakeResponse))
#1 {main}
2015-06-12 17:06:33 Error: [MissingControllerException] Controller class AdminImagesController could not be found.
Exception Attributes: array (
  'class' => 'AdminImagesController',
  'plugin' => NULL,
)
Request URL: /bop/admin_images/logo.png
Stack Trace:
#0 E:\xampp\htdocs\bop\app\webroot\index.php(111): Dispatcher->dispatch(Object(CakeRequest), Object(CakeResponse))
#1 {main}
2015-06-12 17:06:43 Error: [MissingControllerException] Controller class AdminImagesController could not be found.
Exception Attributes: array (
  'class' => 'AdminImagesController',
  'plugin' => NULL,
)
Request URL: /bop/admin_images/logo.png
Stack Trace:
#0 E:\xampp\htdocs\bop\app\webroot\index.php(111): Dispatcher->dispatch(Object(CakeRequest), Object(CakeResponse))
#1 {main}
2015-06-12 17:08:08 Error: [MissingControllerException] Controller class AdminImagesController could not be found.
Exception Attributes: array (
  'class' => 'AdminImagesController',
  'plugin' => NULL,
)
Request URL: /bop/admin_images/logo.png
Stack Trace:
#0 E:\xampp\htdocs\bop\app\webroot\index.php(111): Dispatcher->dispatch(Object(CakeRequest), Object(CakeResponse))
#1 {main}
2015-06-12 17:08:50 Error: [MissingControllerException] Controller class AdminImagesController could not be found.
Exception Attributes: array (
  'class' => 'AdminImagesController',
  'plugin' => NULL,
)
Request URL: /bop/admin_images/logo.png
Stack Trace:
#0 E:\xampp\htdocs\bop\app\webroot\index.php(111): Dispatcher->dispatch(Object(CakeRequest), Object(CakeResponse))
#1 {main}
2015-06-12 17:09:01 Error: [MissingControllerException] Controller class AdminImagesController could not be found.
Exception Attributes: array (
  'class' => 'AdminImagesController',
  'plugin' => NULL,
)
Request URL: /bop/admin_images/logo.png
Stack Trace:
#0 E:\xampp\htdocs\bop\app\webroot\index.php(111): Dispatcher->dispatch(Object(CakeRequest), Object(CakeResponse))
#1 {main}
2015-06-12 17:09:15 Error: [MissingControllerException] Controller class AdminImagesController could not be found.
Exception Attributes: array (
  'class' => 'AdminImagesController',
  'plugin' => NULL,
)
Request URL: /bop/admin_images/logo.png
Stack Trace:
#0 E:\xampp\htdocs\bop\app\webroot\index.php(111): Dispatcher->dispatch(Object(CakeRequest), Object(CakeResponse))
#1 {main}
2015-06-12 17:10:26 Error: [MissingControllerException] Controller class AdminImagesController could not be found.
Exception Attributes: array (
  'class' => 'AdminImagesController',
  'plugin' => NULL,
)
Request URL: /bop/admin_images/logo.png
Stack Trace:
#0 E:\xampp\htdocs\bop\app\webroot\index.php(111): Dispatcher->dispatch(Object(CakeRequest), Object(CakeResponse))
#1 {main}
2015-06-12 17:11:06 Error: [MissingControllerException] Controller class AdminImagesController could not be found.
Exception Attributes: array (
  'class' => 'AdminImagesController',
  'plugin' => NULL,
)
Request URL: /bop/admin_images/logo.png
Stack Trace:
#0 E:\xampp\htdocs\bop\app\webroot\index.php(111): Dispatcher->dispatch(Object(CakeRequest), Object(CakeResponse))
#1 {main}
2015-06-12 17:11:11 Error: [MissingControllerException] Controller class AdminImagesController could not be found.
Exception Attributes: array (
  'class' => 'AdminImagesController',
  'plugin' => NULL,
)
Request URL: /bop/admin_images/logo.png
Stack Trace:
#0 E:\xampp\htdocs\bop\app\webroot\index.php(111): Dispatcher->dispatch(Object(CakeRequest), Object(CakeResponse))
#1 {main}
2015-06-12 17:11:19 Error: [MissingControllerException] Controller class AdminImagesController could not be found.
Exception Attributes: array (
  'class' => 'AdminImagesController',
  'plugin' => NULL,
)
Request URL: /bop/admin_images/logo.png
Stack Trace:
#0 E:\xampp\htdocs\bop\app\webroot\index.php(111): Dispatcher->dispatch(Object(CakeRequest), Object(CakeResponse))
#1 {main}
2015-06-12 17:11:26 Error: [MissingControllerException] Controller class AdminImagesController could not be found.
Exception Attributes: array (
  'class' => 'AdminImagesController',
  'plugin' => NULL,
)
Request URL: /bop/admin_images/logo.png
Stack Trace:
#0 E:\xampp\htdocs\bop\app\webroot\index.php(111): Dispatcher->dispatch(Object(CakeRequest), Object(CakeResponse))
#1 {main}
2015-06-12 17:11:36 Error: [MissingControllerException] Controller class AdminImagesController could not be found.
Exception Attributes: array (
  'class' => 'AdminImagesController',
  'plugin' => NULL,
)
Request URL: /bop/admin_images/logo.png
Stack Trace:
#0 E:\xampp\htdocs\bop\app\webroot\index.php(111): Dispatcher->dispatch(Object(CakeRequest), Object(CakeResponse))
#1 {main}
2015-06-12 17:13:41 Error: [MissingControllerException] Controller class AdminImagesController could not be found.
Exception Attributes: array (
  'class' => 'AdminImagesController',
  'plugin' => NULL,
)
Request URL: /bop/admin_images/logo.png
Stack Trace:
#0 E:\xampp\htdocs\bop\app\webroot\index.php(111): Dispatcher->dispatch(Object(CakeRequest), Object(CakeResponse))
#1 {main}
2015-06-12 17:24:42 Error: [MissingControllerException] Controller class AdminImagesController could not be found.
Exception Attributes: array (
  'class' => 'AdminImagesController',
  'plugin' => NULL,
)
Request URL: /bop/admin_images/logo.png
Stack Trace:
#0 E:\xampp\htdocs\bop\app\webroot\index.php(111): Dispatcher->dispatch(Object(CakeRequest), Object(CakeResponse))
#1 {main}
2015-06-12 17:25:10 Error: [MissingControllerException] Controller class AdminImagesController could not be found.
Exception Attributes: array (
  'class' => 'AdminImagesController',
  'plugin' => NULL,
)
Request URL: /bop/admin_images/logo.png
Stack Trace:
#0 E:\xampp\htdocs\bop\app\webroot\index.php(111): Dispatcher->dispatch(Object(CakeRequest), Object(CakeResponse))
#1 {main}
2015-06-12 17:25:19 Error: [MissingControllerException] Controller class AdminImagesController could not be found.
Exception Attributes: array (
  'class' => 'AdminImagesController',
  'plugin' => NULL,
)
Request URL: /bop/admin_images/logo.png
Stack Trace:
#0 E:\xampp\htdocs\bop\app\webroot\index.php(111): Dispatcher->dispatch(Object(CakeRequest), Object(CakeResponse))
#1 {main}
2015-06-12 17:25:49 Error: [MissingControllerException] Controller class AdminImagesController could not be found.
Exception Attributes: array (
  'class' => 'AdminImagesController',
  'plugin' => NULL,
)
Request URL: /bop/admin_images/logo.png
Stack Trace:
#0 E:\xampp\htdocs\bop\app\webroot\index.php(111): Dispatcher->dispatch(Object(CakeRequest), Object(CakeResponse))
#1 {main}
2015-06-12 17:26:34 Error: [MissingControllerException] Controller class AdminImagesController could not be found.
Exception Attributes: array (
  'class' => 'AdminImagesController',
  'plugin' => NULL,
)
Request URL: /bop/admin_images/logo.png
Stack Trace:
#0 E:\xampp\htdocs\bop\app\webroot\index.php(111): Dispatcher->dispatch(Object(CakeRequest), Object(CakeResponse))
#1 {main}
2015-06-12 17:27:08 Error: [MissingControllerException] Controller class AdminImagesController could not be found.
Exception Attributes: array (
  'class' => 'AdminImagesController',
  'plugin' => NULL,
)
Request URL: /bop/admin_images/logo.png
Stack Trace:
#0 E:\xampp\htdocs\bop\app\webroot\index.php(111): Dispatcher->dispatch(Object(CakeRequest), Object(CakeResponse))
#1 {main}
2015-06-12 17:27:22 Error: [MissingControllerException] Controller class AdminImagesController could not be found.
Exception Attributes: array (
  'class' => 'AdminImagesController',
  'plugin' => NULL,
)
Request URL: /bop/admin_images/logo.png
Stack Trace:
#0 E:\xampp\htdocs\bop\app\webroot\index.php(111): Dispatcher->dispatch(Object(CakeRequest), Object(CakeResponse))
#1 {main}
2015-06-12 17:29:17 Error: [MissingControllerException] Controller class AdminImagesController could not be found.
Exception Attributes: array (
  'class' => 'AdminImagesController',
  'plugin' => NULL,
)
Request URL: /bop/admin_images/logo.png
Stack Trace:
#0 E:\xampp\htdocs\bop\app\webroot\index.php(111): Dispatcher->dispatch(Object(CakeRequest), Object(CakeResponse))
#1 {main}
2015-06-12 17:32:20 Error: [SocketException] SMTP Error: 534 5.7.14 https://support.google.com/mail/answer/78754 pu1sm4259219pdb.33 - gsmtp
Request URL: /bop/admin/users/forgot_password
Stack Trace:
#0 E:\xampp\htdocs\bop\lib\Cake\Network\Email\SmtpTransport.php(146): SmtpTransport->_smtpSend('dGVzdDg4ODg4', '235')
#1 E:\xampp\htdocs\bop\lib\Cake\Network\Email\SmtpTransport.php(62): SmtpTransport->_auth()
#2 E:\xampp\htdocs\bop\lib\Cake\Network\Email\CakeEmail.php(1075): SmtpTransport->send(Object(CakeEmail))
#3 E:\xampp\htdocs\bop\app\Controller\UsersController.php(1951): CakeEmail->send('<p>\r\n\tDear Admi...')
#4 [internal function]: UsersController->admin_forgot_password()
#5 E:\xampp\htdocs\bop\lib\Cake\Controller\Controller.php(486): ReflectionMethod->invokeArgs(Object(UsersController), Array)
#6 E:\xampp\htdocs\bop\lib\Cake\Routing\Dispatcher.php(187): Controller->invokeAction(Object(CakeRequest))
#7 E:\xampp\htdocs\bop\lib\Cake\Routing\Dispatcher.php(162): Dispatcher->_invoke(Object(UsersController), Object(CakeRequest), Object(CakeResponse))
#8 E:\xampp\htdocs\bop\app\webroot\index.php(111): Dispatcher->dispatch(Object(CakeRequest), Object(CakeResponse))
#9 {main}
2015-06-12 17:32:21 Error: [MissingControllerException] Controller class AdminImagesController could not be found.
Exception Attributes: array (
  'class' => 'AdminImagesController',
  'plugin' => NULL,
)
Request URL: /bop/admin_images/logo.png
Stack Trace:
#0 E:\xampp\htdocs\bop\app\webroot\index.php(111): Dispatcher->dispatch(Object(CakeRequest), Object(CakeResponse))
#1 {main}
2015-06-12 17:32:32 Error: [SocketException] SMTP Error: 534 5.7.14 https://support.google.com/mail/answer/78754 gy3sm4240328pbb.42 - gsmtp
Request URL: /bop/admin/users/forgot_password
Stack Trace:
#0 E:\xampp\htdocs\bop\lib\Cake\Network\Email\SmtpTransport.php(146): SmtpTransport->_smtpSend('dGVzdDg4ODg4', '235')
#1 E:\xampp\htdocs\bop\lib\Cake\Network\Email\SmtpTransport.php(62): SmtpTransport->_auth()
#2 E:\xampp\htdocs\bop\lib\Cake\Network\Email\CakeEmail.php(1075): SmtpTransport->send(Object(CakeEmail))
#3 E:\xampp\htdocs\bop\app\Controller\UsersController.php(1951): CakeEmail->send('<p>\r\n\tDear Admi...')
#4 [internal function]: UsersController->admin_forgot_password()
#5 E:\xampp\htdocs\bop\lib\Cake\Controller\Controller.php(486): ReflectionMethod->invokeArgs(Object(UsersController), Array)
#6 E:\xampp\htdocs\bop\lib\Cake\Routing\Dispatcher.php(187): Controller->invokeAction(Object(CakeRequest))
#7 E:\xampp\htdocs\bop\lib\Cake\Routing\Dispatcher.php(162): Dispatcher->_invoke(Object(UsersController), Object(CakeRequest), Object(CakeResponse))
#8 E:\xampp\htdocs\bop\app\webroot\index.php(111): Dispatcher->dispatch(Object(CakeRequest), Object(CakeResponse))
#9 {main}
2015-06-12 17:32:32 Error: [MissingControllerException] Controller class AdminImagesController could not be found.
Exception Attributes: array (
  'class' => 'AdminImagesController',
  'plugin' => NULL,
)
Request URL: /bop/admin_images/logo.png
Stack Trace:
#0 E:\xampp\htdocs\bop\app\webroot\index.php(111): Dispatcher->dispatch(Object(CakeRequest), Object(CakeResponse))
#1 {main}
2015-06-12 17:32:49 Error: [MissingControllerException] Controller class AdminImagesController could not be found.
Exception Attributes: array (
  'class' => 'AdminImagesController',
  'plugin' => NULL,
)
Request URL: /bop/admin_images/logo.png
Stack Trace:
#0 E:\xampp\htdocs\bop\app\webroot\index.php(111): Dispatcher->dispatch(Object(CakeRequest), Object(CakeResponse))
#1 {main}
2015-06-12 17:46:35 Error: [MissingControllerException] Controller class AdminImagesController could not be found.
Exception Attributes: array (
  'class' => 'AdminImagesController',
  'plugin' => NULL,
)
Request URL: /bop/admin_images/logo.png
Stack Trace:
#0 E:\xampp\htdocs\bop\app\webroot\index.php(111): Dispatcher->dispatch(Object(CakeRequest), Object(CakeResponse))
#1 {main}
2015-06-12 17:46:43 Error: [MissingControllerException] Controller class AdminImagesController could not be found.
Exception Attributes: array (
  'class' => 'AdminImagesController',
  'plugin' => NULL,
)
Request URL: /bop/admin_images/logo.png
Stack Trace:
#0 E:\xampp\htdocs\bop\app\webroot\index.php(111): Dispatcher->dispatch(Object(CakeRequest), Object(CakeResponse))
#1 {main}
2015-06-12 17:47:26 Error: [MissingControllerException] Controller class AdminImagesController could not be found.
Exception Attributes: array (
  'class' => 'AdminImagesController',
  'plugin' => NULL,
)
Request URL: /bop/admin_images/logo.png
Stack Trace:
#0 E:\xampp\htdocs\bop\app\webroot\index.php(111): Dispatcher->dispatch(Object(CakeRequest), Object(CakeResponse))
#1 {main}
2015-06-12 17:47:53 Error: [MissingControllerException] Controller class AdminImagesController could not be found.
Exception Attributes: array (
  'class' => 'AdminImagesController',
  'plugin' => NULL,
)
Request URL: /bop/admin_images/logo.png
Stack Trace:
#0 E:\xampp\htdocs\bop\app\webroot\index.php(111): Dispatcher->dispatch(Object(CakeRequest), Object(CakeResponse))
#1 {main}
2015-06-12 17:48:23 Error: [MissingControllerException] Controller class AdminImagesController could not be found.
Exception Attributes: array (
  'class' => 'AdminImagesController',
  'plugin' => NULL,
)
Request URL: /bop/admin_images/logo.png
Stack Trace:
#0 E:\xampp\htdocs\bop\app\webroot\index.php(111): Dispatcher->dispatch(Object(CakeRequest), Object(CakeResponse))
#1 {main}
2015-06-12 17:48:40 Error: [MissingControllerException] Controller class AdminImagesController could not be found.
Exception Attributes: array (
  'class' => 'AdminImagesController',
  'plugin' => NULL,
)
Request URL: /bop/admin_images/logo.png
Stack Trace:
#0 E:\xampp\htdocs\bop\app\webroot\index.php(111): Dispatcher->dispatch(Object(CakeRequest), Object(CakeResponse))
#1 {main}
2015-06-12 17:55:44 Error: [MissingControllerException] Controller class AdminImagesController could not be found.
Exception Attributes: array (
  'class' => 'AdminImagesController',
  'plugin' => NULL,
)
Request URL: /bop/admin_images/logo.png
Stack Trace:
#0 E:\xampp\htdocs\bop\app\webroot\index.php(111): Dispatcher->dispatch(Object(CakeRequest), Object(CakeResponse))
#1 {main}
2015-06-12 17:56:20 Error: [MissingControllerException] Controller class AdminImagesController could not be found.
Exception Attributes: array (
  'class' => 'AdminImagesController',
  'plugin' => NULL,
)
Request URL: /bop/admin_images/logo.png
Stack Trace:
#0 E:\xampp\htdocs\bop\app\webroot\index.php(111): Dispatcher->dispatch(Object(CakeRequest), Object(CakeResponse))
#1 {main}
2015-06-12 17:56:26 Error: [MissingControllerException] Controller class AdminImagesController could not be found.
Exception Attributes: array (
  'class' => 'AdminImagesController',
  'plugin' => NULL,
)
Request URL: /bop/admin_images/logo.png
Stack Trace:
#0 E:\xampp\htdocs\bop\app\webroot\index.php(111): Dispatcher->dispatch(Object(CakeRequest), Object(CakeResponse))
#1 {main}
2015-06-12 17:56:36 Error: [MissingControllerException] Controller class AdminImagesController could not be found.
Exception Attributes: array (
  'class' => 'AdminImagesController',
  'plugin' => NULL,
)
Request URL: /bop/admin_images/logo.png
Stack Trace:
#0 E:\xampp\htdocs\bop\app\webroot\index.php(111): Dispatcher->dispatch(Object(CakeRequest), Object(CakeResponse))
#1 {main}
2015-06-12 18:12:51 Error: [MissingControllerException] Controller class AdminImagesController could not be found.
Exception Attributes: array (
  'class' => 'AdminImagesController',
  'plugin' => NULL,
)
Request URL: /bop/admin_images/logo.png
Stack Trace:
#0 E:\xampp\htdocs\bop\app\webroot\index.php(111): Dispatcher->dispatch(Object(CakeRequest), Object(CakeResponse))
#1 {main}
2015-06-12 18:13:06 Error: [MissingControllerException] Controller class AdminImagesController could not be found.
Exception Attributes: array (
  'class' => 'AdminImagesController',
  'plugin' => NULL,
)
Request URL: /bop/admin_images/logo.png
Stack Trace:
#0 E:\xampp\htdocs\bop\app\webroot\index.php(111): Dispatcher->dispatch(Object(CakeRequest), Object(CakeResponse))
#1 {main}
2015-06-12 18:13:58 Error: [MissingControllerException] Controller class AdminImagesController could not be found.
Exception Attributes: array (
  'class' => 'AdminImagesController',
  'plugin' => NULL,
)
Request URL: /bop/admin_images/logo.png
Stack Trace:
#0 E:\xampp\htdocs\bop\app\webroot\index.php(111): Dispatcher->dispatch(Object(CakeRequest), Object(CakeResponse))
#1 {main}
2015-06-13 17:07:06 Error: [MissingControllerException] Controller class FilesController could not be found.
Exception Attributes: array (
  'class' => 'FilesController',
  'plugin' => NULL,
)
Request URL: /bop/files/news/73ae26adaa9c6e2e6bc110407a3bf3c3_200x140.jpg
Stack Trace:
#0 E:\xampp\htdocs\bop\app\webroot\index.php(111): Dispatcher->dispatch(Object(CakeRequest), Object(CakeResponse))
#1 {main}
2015-06-13 17:13:44 Error: [MissingControllerException] Controller class FilesController could not be found.
Exception Attributes: array (
  'class' => 'FilesController',
  'plugin' => NULL,
)
Request URL: /bop/files/news/966cffb5b54ee64b1b4617c98f773a61_200x140.jpg
Stack Trace:
#0 E:\xampp\htdocs\bop\app\webroot\index.php(111): Dispatcher->dispatch(Object(CakeRequest), Object(CakeResponse))
#1 {main}
2015-06-13 17:13:44 Error: [MissingControllerException] Controller class FilesController could not be found.
Exception Attributes: array (
  'class' => 'FilesController',
  'plugin' => NULL,
)
Request URL: /bop/files/news/73ae26adaa9c6e2e6bc110407a3bf3c3_200x140.jpg
Stack Trace:
#0 E:\xampp\htdocs\bop\app\webroot\index.php(111): Dispatcher->dispatch(Object(CakeRequest), Object(CakeResponse))
#1 {main}
2015-06-13 17:15:00 Error: [MissingControllerException] Controller class FilesController could not be found.
Exception Attributes: array (
  'class' => 'FilesController',
  'plugin' => NULL,
)
Request URL: /bop/files/news/966cffb5b54ee64b1b4617c98f773a61_200x140.jpg
Stack Trace:
#0 E:\xampp\htdocs\bop\app\webroot\index.php(111): Dispatcher->dispatch(Object(CakeRequest), Object(CakeResponse))
#1 {main}
2015-06-13 17:15:00 Error: [MissingControllerException] Controller class FilesController could not be found.
Exception Attributes: array (
  'class' => 'FilesController',
  'plugin' => NULL,
)
Request URL: /bop/files/news/b02cb161893c7bd497cc5ef87950fd1e_200x140.jpg
Stack Trace:
#0 E:\xampp\htdocs\bop\app\webroot\index.php(111): Dispatcher->dispatch(Object(CakeRequest), Object(CakeResponse))
#1 {main}
2015-06-13 17:15:00 Error: [MissingControllerException] Controller class FilesController could not be found.
Exception Attributes: array (
  'class' => 'FilesController',
  'plugin' => NULL,
)
Request URL: /bop/files/news/73ae26adaa9c6e2e6bc110407a3bf3c3_200x140.jpg
Stack Trace:
#0 E:\xampp\htdocs\bop\app\webroot\index.php(111): Dispatcher->dispatch(Object(CakeRequest), Object(CakeResponse))
#1 {main}
2015-06-13 17:15:34 Error: [MissingControllerException] Controller class FilesController could not be found.
Exception Attributes: array (
  'class' => 'FilesController',
  'plugin' => NULL,
)
Request URL: /bop/files/news/b02cb161893c7bd497cc5ef87950fd1e_200x140.jpg
Stack Trace:
#0 E:\xampp\htdocs\bop\app\webroot\index.php(111): Dispatcher->dispatch(Object(CakeRequest), Object(CakeResponse))
#1 {main}
2015-06-13 18:20:45 Error: [MissingControllerException] Controller class FilesController could not be found.
Exception Attributes: array (
  'class' => 'FilesController',
  'plugin' => NULL,
)
Request URL: /bop/files/news/05c15c622a37b7a7b1ec0036097ecb4a_200x140.jpg
Stack Trace:
#0 E:\xampp\htdocs\bop\app\webroot\index.php(111): Dispatcher->dispatch(Object(CakeRequest), Object(CakeResponse))
#1 {main}
2015-06-13 18:20:45 Error: [MissingControllerException] Controller class FilesController could not be found.
Exception Attributes: array (
  'class' => 'FilesController',
  'plugin' => NULL,
)
Request URL: /bop/files/news/b02cb161893c7bd497cc5ef87950fd1e_200x140.jpg
Stack Trace:
#0 E:\xampp\htdocs\bop\app\webroot\index.php(111): Dispatcher->dispatch(Object(CakeRequest), Object(CakeResponse))
#1 {main}
2015-06-13 18:20:45 Error: [MissingControllerException] Controller class FilesController could not be found.
Exception Attributes: array (
  'class' => 'FilesController',
  'plugin' => NULL,
)
Request URL: /bop/files/news/476fe26aaf9050a8a1ba4388e27e6aa1_200x140.jpg
Stack Trace:
#0 E:\xampp\htdocs\bop\app\webroot\index.php(111): Dispatcher->dispatch(Object(CakeRequest), Object(CakeResponse))
#1 {main}
2015-06-13 18:20:45 Error: [MissingControllerException] Controller class FilesController could not be found.
Exception Attributes: array (
  'class' => 'FilesController',
  'plugin' => NULL,
)
Request URL: /bop/files/news/966cffb5b54ee64b1b4617c98f773a61_200x140.jpg
Stack Trace:
#0 E:\xampp\htdocs\bop\app\webroot\index.php(111): Dispatcher->dispatch(Object(CakeRequest), Object(CakeResponse))
#1 {main}
2015-06-13 18:20:45 Error: [MissingControllerException] Controller class FilesController could not be found.
Exception Attributes: array (
  'class' => 'FilesController',
  'plugin' => NULL,
)
Request URL: /bop/files/news/73ae26adaa9c6e2e6bc110407a3bf3c3_200x140.jpg
Stack Trace:
#0 E:\xampp\htdocs\bop\app\webroot\index.php(111): Dispatcher->dispatch(Object(CakeRequest), Object(CakeResponse))
#1 {main}
2015-06-13 18:23:01 Error: [MissingControllerException] Controller class FilesController could not be found.
Exception Attributes: array (
  'class' => 'FilesController',
  'plugin' => NULL,
)
Request URL: /bop/files/news/966cffb5b54ee64b1b4617c98f773a61_200x140.jpg
Stack Trace:
#0 E:\xampp\htdocs\bop\app\webroot\index.php(111): Dispatcher->dispatch(Object(CakeRequest), Object(CakeResponse))
#1 {main}
2015-06-13 18:23:01 Error: [MissingControllerException] Controller class FilesController could not be found.
Exception Attributes: array (
  'class' => 'FilesController',
  'plugin' => NULL,
)
Request URL: /bop/files/news/b02cb161893c7bd497cc5ef87950fd1e_200x140.jpg
Stack Trace:
#0 E:\xampp\htdocs\bop\app\webroot\index.php(111): Dispatcher->dispatch(Object(CakeRequest), Object(CakeResponse))
#1 {main}
2015-06-13 18:23:01 Error: [MissingControllerException] Controller class FilesController could not be found.
Exception Attributes: array (
  'class' => 'FilesController',
  'plugin' => NULL,
)
Request URL: /bop/files/news/05c15c622a37b7a7b1ec0036097ecb4a_200x140.jpg
Stack Trace:
#0 E:\xampp\htdocs\bop\app\webroot\index.php(111): Dispatcher->dispatch(Object(CakeRequest), Object(CakeResponse))
#1 {main}
2015-06-13 18:23:01 Error: [MissingControllerException] Controller class FilesController could not be found.
Exception Attributes: array (
  'class' => 'FilesController',
  'plugin' => NULL,
)
Request URL: /bop/files/news/665eb2ad69efdaf2e5eecdc03b69a373_200x140.jpg
Stack Trace:
#0 E:\xampp\htdocs\bop\app\webroot\index.php(111): Dispatcher->dispatch(Object(CakeRequest), Object(CakeResponse))
#1 {main}
2015-06-13 18:23:01 Error: [MissingControllerException] Controller class FilesController could not be found.
Exception Attributes: array (
  'class' => 'FilesController',
  'plugin' => NULL,
)
Request URL: /bop/files/news/15d9a042783506c11d4f5d05840dc6ef_200x140.jpg
Stack Trace:
#0 E:\xampp\htdocs\bop\app\webroot\index.php(111): Dispatcher->dispatch(Object(CakeRequest), Object(CakeResponse))
#1 {main}
2015-06-13 18:23:01 Error: [MissingControllerException] Controller class FilesController could not be found.
Exception Attributes: array (
  'class' => 'FilesController',
  'plugin' => NULL,
)
Request URL: /bop/files/news/73ae26adaa9c6e2e6bc110407a3bf3c3_200x140.jpg
Stack Trace:
#0 E:\xampp\htdocs\bop\app\webroot\index.php(111): Dispatcher->dispatch(Object(CakeRequest), Object(CakeResponse))
#1 {main}
2015-06-13 18:23:01 Error: [MissingControllerException] Controller class FilesController could not be found.
Exception Attributes: array (
  'class' => 'FilesController',
  'plugin' => NULL,
)
Request URL: /bop/files/news/476fe26aaf9050a8a1ba4388e27e6aa1_200x140.jpg
Stack Trace:
#0 E:\xampp\htdocs\bop\app\webroot\index.php(111): Dispatcher->dispatch(Object(CakeRequest), Object(CakeResponse))
#1 {main}
2015-06-13 18:33:57 Error: [MissingControllerException] Controller class FilesController could not be found.
Exception Attributes: array (
  'class' => 'FilesController',
  'plugin' => NULL,
)
Request URL: /bop/files/tutorials/d790dd3445e606cd65e5d03bddad9977_200x140.jpg
Stack Trace:
#0 E:\xampp\htdocs\bop\app\webroot\index.php(111): Dispatcher->dispatch(Object(CakeRequest), Object(CakeResponse))
#1 {main}
2015-06-13 19:12:56 Error: [PDOException] SQLSTATE[42000]: Syntax error or access violation: 1064 You have an error in your SQL syntax; check the manual that corresponds to your MySQL server version for the right syntax to use near 'ORDER BY `News`.`id` desc  LIMIT 30' at line 1
Request URL: /bop/admin/news/manage?keyword=new
Stack Trace:
#0 E:\xampp\htdocs\bop\lib\Cake\Model\Datasource\DboSource.php(460): PDOStatement->execute(Array)
#1 E:\xampp\htdocs\bop\lib\Cake\Model\Datasource\DboSource.php(426): DboSource->_execute('SELECT `News`.`...', Array)
#2 E:\xampp\htdocs\bop\lib\Cake\Model\Datasource\DboSource.php(666): DboSource->execute('SELECT `News`.`...', Array, Array)
#3 E:\xampp\htdocs\bop\lib\Cake\Model\Datasource\DboSource.php(1077): DboSource->fetchAll('SELECT `News`.`...', false)
#4 E:\xampp\htdocs\bop\lib\Cake\Model\Model.php(2696): DboSource->read(Object(News), Array)
#5 E:\xampp\htdocs\bop\lib\Cake\Controller\Component\PaginatorComponent.php(198): Model->find('all', Array)
#6 E:\xampp\htdocs\bop\lib\Cake\Controller\Controller.php(1074): PaginatorComponent->paginate('News', Array, Array)
#7 E:\xampp\htdocs\bop\app\Controller\NewsController.php(46): Controller->paginate('News')
#8 [internal function]: NewsController->admin_manage()
#9 E:\xampp\htdocs\bop\lib\Cake\Controller\Controller.php(486): ReflectionMethod->invokeArgs(Object(NewsController), Array)
#10 E:\xampp\htdocs\bop\lib\Cake\Routing\Dispatcher.php(187): Controller->invokeAction(Object(CakeRequest))
#11 E:\xampp\htdocs\bop\lib\Cake\Routing\Dispatcher.php(162): Dispatcher->_invoke(Object(NewsController), Object(CakeRequest), Object(CakeResponse))
#12 E:\xampp\htdocs\bop\app\webroot\index.php(111): Dispatcher->dispatch(Object(CakeRequest), Object(CakeResponse))
#13 {main}
2015-06-16 19:32:16 Error: [MissingTableException] Table pet_colors for model PetColors was not found in datasource default.
Exception Attributes: array (
  'table' => 'pet_colors',
  'class' => 'PetColors',
  'ds' => 'default',
)
Request URL: /bop/admin/colors/manage
Stack Trace:
#0 E:\xampp\htdocs\bop\lib\Cake\Model\Model.php(3243): Model->setSource('pet_colors')
#1 E:\xampp\htdocs\bop\lib\Cake\Model\Model.php(2696): Model->getDataSource()
#2 E:\xampp\htdocs\bop\lib\Cake\Controller\Component\PaginatorComponent.php(198): Model->find('all', Array)
#3 E:\xampp\htdocs\bop\lib\Cake\Controller\Controller.php(1074): PaginatorComponent->paginate('PetColors', Array, Array)
#4 E:\xampp\htdocs\bop\app\Controller\ColorsController.php(46): Controller->paginate('PetColors')
#5 [internal function]: ColorsController->admin_manage()
#6 E:\xampp\htdocs\bop\lib\Cake\Controller\Controller.php(486): ReflectionMethod->invokeArgs(Object(ColorsController), Array)
#7 E:\xampp\htdocs\bop\lib\Cake\Routing\Dispatcher.php(187): Controller->invokeAction(Object(CakeRequest))
#8 E:\xampp\htdocs\bop\lib\Cake\Routing\Dispatcher.php(162): Dispatcher->_invoke(Object(ColorsController), Object(CakeRequest), Object(CakeResponse))
#9 E:\xampp\htdocs\bop\app\webroot\index.php(111): Dispatcher->dispatch(Object(CakeRequest), Object(CakeResponse))
#10 {main}
2015-06-16 19:32:33 Error: [MissingViewException] View file "E:\xampp\htdocs\bop\app\View\Colors\admin_manage.ctp" is missing.
Exception Attributes: array (
  'file' => 'E:\\xampp\\htdocs\\bop\\app\\View\\Colors\\admin_manage.ctp',
)
Request URL: /bop/admin/colors/manage
Stack Trace:
#0 E:\xampp\htdocs\bop\lib\Cake\View\View.php(468): View->_getViewFileName(NULL)
#1 E:\xampp\htdocs\bop\lib\Cake\Controller\Controller.php(948): View->render(NULL, NULL)
#2 E:\xampp\htdocs\bop\lib\Cake\Routing\Dispatcher.php(194): Controller->render()
#3 E:\xampp\htdocs\bop\lib\Cake\Routing\Dispatcher.php(162): Dispatcher->_invoke(Object(ColorsController), Object(CakeRequest), Object(CakeResponse))
#4 E:\xampp\htdocs\bop\app\webroot\index.php(111): Dispatcher->dispatch(Object(CakeRequest), Object(CakeResponse))
#5 {main}
2015-06-16 20:01:08 Error: [MissingControllerException] Controller class FilesController could not be found.
Exception Attributes: array (
  'class' => 'FilesController',
  'plugin' => NULL,
)
Request URL: /bop/files/news/c8350f4ebcdb12f9e31bb9813d5be009_200x140.jpg
Stack Trace:
#0 E:\xampp\htdocs\bop\app\webroot\index.php(111): Dispatcher->dispatch(Object(CakeRequest), Object(CakeResponse))
#1 {main}
2015-06-16 20:02:17 Error: [NotFoundException] No Pet Color found
Request URL: /bop/admin/colors/view/%3Cpre%20class=
Stack Trace:
#0 [internal function]: ColorsController->admin_view('<pre class=')
#1 E:\xampp\htdocs\bop\lib\Cake\Controller\Controller.php(486): ReflectionMethod->invokeArgs(Object(ColorsController), Array)
#2 E:\xampp\htdocs\bop\lib\Cake\Routing\Dispatcher.php(187): Controller->invokeAction(Object(CakeRequest))
#3 E:\xampp\htdocs\bop\lib\Cake\Routing\Dispatcher.php(162): Dispatcher->_invoke(Object(ColorsController), Object(CakeRequest), Object(CakeResponse))
#4 E:\xampp\htdocs\bop\app\webroot\index.php(111): Dispatcher->dispatch(Object(CakeRequest), Object(CakeResponse))
#5 {main}
2015-06-18 19:32:57 Error: [MissingTableException] Table breeds for model Breed was not found in datasource default.
Exception Attributes: array (
  'table' => 'breeds',
  'class' => 'Breed',
  'ds' => 'default',
)
Request URL: /bop/admin/breeds/manage
Stack Trace:
#0 E:\xampp\htdocs\bop\lib\Cake\Model\Model.php(3243): Model->setSource('breeds')
#1 E:\xampp\htdocs\bop\lib\Cake\Model\Model.php(2696): Model->getDataSource()
#2 E:\xampp\htdocs\bop\lib\Cake\Controller\Component\PaginatorComponent.php(198): Model->find('all', Array)
#3 E:\xampp\htdocs\bop\lib\Cake\Controller\Controller.php(1074): PaginatorComponent->paginate('Breed', Array, Array)
#4 E:\xampp\htdocs\bop\app\Controller\BreedsController.php(46): Controller->paginate('Breed')
#5 [internal function]: BreedsController->admin_manage()
#6 E:\xampp\htdocs\bop\lib\Cake\Controller\Controller.php(486): ReflectionMethod->invokeArgs(Object(BreedsController), Array)
#7 E:\xampp\htdocs\bop\lib\Cake\Routing\Dispatcher.php(187): Controller->invokeAction(Object(CakeRequest))
#8 E:\xampp\htdocs\bop\lib\Cake\Routing\Dispatcher.php(162): Dispatcher->_invoke(Object(BreedsController), Object(CakeRequest), Object(CakeResponse))
#9 E:\xampp\htdocs\bop\app\webroot\index.php(111): Dispatcher->dispatch(Object(CakeRequest), Object(CakeResponse))
#10 {main}
2015-06-19 21:30:49 Error: [PDOException] SQLSTATE[42S22]: Column not found: 1054 Unknown column 'Breed.status' in 'where clause'
Request URL: /bop/admin/breeds/manage
Stack Trace:
#0 E:\xampp\htdocs\bop\lib\Cake\Model\Datasource\DboSource.php(460): PDOStatement->execute(Array)
#1 E:\xampp\htdocs\bop\lib\Cake\Model\Datasource\DboSource.php(426): DboSource->_execute('SELECT `Breed`....', Array)
#2 E:\xampp\htdocs\bop\lib\Cake\Model\Datasource\DboSource.php(666): DboSource->execute('SELECT `Breed`....', Array, Array)
#3 E:\xampp\htdocs\bop\lib\Cake\Model\Datasource\DboSource.php(1077): DboSource->fetchAll('SELECT `Breed`....', false)
#4 E:\xampp\htdocs\bop\lib\Cake\Model\Model.php(2696): DboSource->read(Object(Breed), Array)
#5 E:\xampp\htdocs\bop\lib\Cake\Controller\Component\PaginatorComponent.php(198): Model->find('all', Array)
#6 E:\xampp\htdocs\bop\lib\Cake\Controller\Controller.php(1074): PaginatorComponent->paginate('Breed', Array, Array)
#7 E:\xampp\htdocs\bop\app\Controller\BreedsController.php(47): Controller->paginate('Breed')
#8 [internal function]: BreedsController->admin_manage()
#9 E:\xampp\htdocs\bop\lib\Cake\Controller\Controller.php(486): ReflectionMethod->invokeArgs(Object(BreedsController), Array)
#10 E:\xampp\htdocs\bop\lib\Cake\Routing\Dispatcher.php(187): Controller->invokeAction(Object(CakeRequest))
#11 E:\xampp\htdocs\bop\lib\Cake\Routing\Dispatcher.php(162): Dispatcher->_invoke(Object(BreedsController), Object(CakeRequest), Object(CakeResponse))
#12 E:\xampp\htdocs\bop\app\webroot\index.php(111): Dispatcher->dispatch(Object(CakeRequest), Object(CakeResponse))
#13 {main}
2015-06-19 21:31:15 Error: [PDOException] SQLSTATE[42S22]: Column not found: 1054 Unknown column 'Breed.name' in 'order clause'
Request URL: /bop/admin/breeds/manage
Stack Trace:
#0 E:\xampp\htdocs\bop\lib\Cake\Model\Datasource\DboSource.php(460): PDOStatement->execute(Array)
#1 E:\xampp\htdocs\bop\lib\Cake\Model\Datasource\DboSource.php(426): DboSource->_execute('SELECT `Breed`....', Array)
#2 E:\xampp\htdocs\bop\lib\Cake\Model\Datasource\DboSource.php(666): DboSource->execute('SELECT `Breed`....', Array, Array)
#3 E:\xampp\htdocs\bop\lib\Cake\Model\Datasource\DboSource.php(1077): DboSource->fetchAll('SELECT `Breed`....', false)
#4 E:\xampp\htdocs\bop\lib\Cake\Model\Model.php(2696): DboSource->read(Object(Breed), Array)
#5 E:\xampp\htdocs\bop\lib\Cake\Controller\Component\PaginatorComponent.php(198): Model->find('all', Array)
#6 E:\xampp\htdocs\bop\lib\Cake\Controller\Controller.php(1074): PaginatorComponent->paginate('Breed', Array, Array)
#7 E:\xampp\htdocs\bop\app\Controller\BreedsController.php(47): Controller->paginate('Breed')
#8 [internal function]: BreedsController->admin_manage()
#9 E:\xampp\htdocs\bop\lib\Cake\Controller\Controller.php(486): ReflectionMethod->invokeArgs(Object(BreedsController), Array)
#10 E:\xampp\htdocs\bop\lib\Cake\Routing\Dispatcher.php(187): Controller->invokeAction(Object(CakeRequest))
#11 E:\xampp\htdocs\bop\lib\Cake\Routing\Dispatcher.php(162): Dispatcher->_invoke(Object(BreedsController), Object(CakeRequest), Object(CakeResponse))
#12 E:\xampp\htdocs\bop\app\webroot\index.php(111): Dispatcher->dispatch(Object(CakeRequest), Object(CakeResponse))
#13 {main}
2015-06-19 21:41:09 Error: [MissingActionException] Action BreedsController::admin_<pre class=() could not be found.
Exception Attributes: array (
  'controller' => 'BreedsController',
  'action' => 'admin_<pre class=',
)
Request URL: /bop/admin/breeds/%3Cpre%20class=
Stack Trace:
#0 E:\xampp\htdocs\bop\lib\Cake\Routing\Dispatcher.php(187): Controller->invokeAction(Object(CakeRequest))
#1 E:\xampp\htdocs\bop\lib\Cake\Routing\Dispatcher.php(162): Dispatcher->_invoke(Object(BreedsController), Object(CakeRequest), Object(CakeResponse))
#2 E:\xampp\htdocs\bop\app\webroot\index.php(111): Dispatcher->dispatch(Object(CakeRequest), Object(CakeResponse))
#3 {main}
2015-06-22 18:26:24 Error: [MissingConnectionException] Database connection "Mysql" is missing, or could not be created.
Exception Attributes: array (
  'class' => 'Mysql',
  'message' => 'SQLSTATE[HY000] [1045] Access denied for user \'cssme126_pedi\'@\'localhost\' (using password: YES)',
  'enabled' => true,
)
Request URL: /bop/
Stack Trace:
#0 E:\xampp\htdocs\bop\lib\Cake\Model\Datasource\DboSource.php(262): Mysql->connect()
#1 E:\xampp\htdocs\bop\lib\Cake\Model\ConnectionManager.php(107): DboSource->__construct(Array)
#2 E:\xampp\htdocs\bop\lib\Cake\Model\Model.php(3221): ConnectionManager::getDataSource('default')
#3 E:\xampp\htdocs\bop\lib\Cake\Model\Model.php(1107): Model->setDataSource('default')
#4 E:\xampp\htdocs\bop\lib\Cake\Model\Model.php(3243): Model->setSource('users')
#5 E:\xampp\htdocs\bop\lib\Cake\Model\Model.php(1318): Model->getDataSource()
#6 E:\xampp\htdocs\bop\lib\Cake\View\Helper\FormHelper.php(199): Model->schema()
#7 E:\xampp\htdocs\bop\lib\Cake\View\Helper\FormHelper.php(453): FormHelper->_introspectModel('User', 'fields')
#8 E:\xampp\htdocs\bop\app\View\Users\admin_login.ctp(28): FormHelper->create(NULL, Array)
#9 E:\xampp\htdocs\bop\lib\Cake\View\View.php(945): include('E:\\xampp\\htdocs...')
#10 E:\xampp\htdocs\bop\lib\Cake\View\View.php(907): View->_evaluate('E:\\xampp\\htdocs...', Array)
#11 E:\xampp\htdocs\bop\lib\Cake\View\View.php(471): View->_render('E:\\xampp\\htdocs...')
#12 E:\xampp\htdocs\bop\lib\Cake\Controller\Controller.php(948): View->render(NULL, NULL)
#13 E:\xampp\htdocs\bop\lib\Cake\Routing\Dispatcher.php(194): Controller->render()
#14 E:\xampp\htdocs\bop\lib\Cake\Routing\Dispatcher.php(162): Dispatcher->_invoke(Object(UsersController), Object(CakeRequest), Object(CakeResponse))
#15 E:\xampp\htdocs\bop\app\webroot\index.php(111): Dispatcher->dispatch(Object(CakeRequest), Object(CakeResponse))
#16 {main}
2015-06-22 18:26:33 Error: [MissingConnectionException] Database connection "Mysql" is missing, or could not be created.
Exception Attributes: array (
  'class' => 'Mysql',
  'message' => 'SQLSTATE[HY000] [1045] Access denied for user \'cssme126_pedi\'@\'localhost\' (using password: YES)',
  'enabled' => true,
)
Request URL: /bop/
Stack Trace:
#0 E:\xampp\htdocs\bop\lib\Cake\Model\Datasource\DboSource.php(262): Mysql->connect()
#1 E:\xampp\htdocs\bop\lib\Cake\Model\ConnectionManager.php(107): DboSource->__construct(Array)
#2 E:\xampp\htdocs\bop\lib\Cake\Model\Model.php(3221): ConnectionManager::getDataSource('default')
#3 E:\xampp\htdocs\bop\lib\Cake\Model\Model.php(1107): Model->setDataSource('default')
#4 E:\xampp\htdocs\bop\lib\Cake\Model\Model.php(3243): Model->setSource('users')
#5 E:\xampp\htdocs\bop\lib\Cake\Model\Model.php(1318): Model->getDataSource()
#6 E:\xampp\htdocs\bop\lib\Cake\View\Helper\FormHelper.php(199): Model->schema()
#7 E:\xampp\htdocs\bop\lib\Cake\View\Helper\FormHelper.php(453): FormHelper->_introspectModel('User', 'fields')
#8 E:\xampp\htdocs\bop\app\View\Users\admin_login.ctp(28): FormHelper->create(NULL, Array)
#9 E:\xampp\htdocs\bop\lib\Cake\View\View.php(945): include('E:\\xampp\\htdocs...')
#10 E:\xampp\htdocs\bop\lib\Cake\View\View.php(907): View->_evaluate('E:\\xampp\\htdocs...', Array)
#11 E:\xampp\htdocs\bop\lib\Cake\View\View.php(471): View->_render('E:\\xampp\\htdocs...')
#12 E:\xampp\htdocs\bop\lib\Cake\Controller\Controller.php(948): View->render(NULL, NULL)
#13 E:\xampp\htdocs\bop\lib\Cake\Routing\Dispatcher.php(194): Controller->render()
#14 E:\xampp\htdocs\bop\lib\Cake\Routing\Dispatcher.php(162): Dispatcher->_invoke(Object(UsersController), Object(CakeRequest), Object(CakeResponse))
#15 E:\xampp\htdocs\bop\app\webroot\index.php(111): Dispatcher->dispatch(Object(CakeRequest), Object(CakeResponse))
#16 {main}
2015-06-22 18:26:54 Error: [MissingConnectionException] Database connection "Mysql" is missing, or could not be created.
Exception Attributes: array (
  'class' => 'Mysql',
  'message' => 'SQLSTATE[HY000] [1045] Access denied for user \'cssme126_pedi\'@\'localhost\' (using password: YES)',
  'enabled' => true,
)
Request URL: /bop/
Stack Trace:
#0 E:\xampp\htdocs\bop\lib\Cake\Model\Datasource\DboSource.php(262): Mysql->connect()
#1 E:\xampp\htdocs\bop\lib\Cake\Model\ConnectionManager.php(107): DboSource->__construct(Array)
#2 E:\xampp\htdocs\bop\lib\Cake\Model\Model.php(3221): ConnectionManager::getDataSource('default')
#3 E:\xampp\htdocs\bop\lib\Cake\Model\Model.php(1107): Model->setDataSource('default')
#4 E:\xampp\htdocs\bop\lib\Cake\Model\Model.php(3243): Model->setSource('users')
#5 E:\xampp\htdocs\bop\lib\Cake\Model\Model.php(1318): Model->getDataSource()
#6 E:\xampp\htdocs\bop\lib\Cake\View\Helper\FormHelper.php(199): Model->schema()
#7 E:\xampp\htdocs\bop\lib\Cake\View\Helper\FormHelper.php(453): FormHelper->_introspectModel('User', 'fields')
#8 E:\xampp\htdocs\bop\app\View\Users\admin_login.ctp(28): FormHelper->create(NULL, Array)
#9 E:\xampp\htdocs\bop\lib\Cake\View\View.php(945): include('E:\\xampp\\htdocs...')
#10 E:\xampp\htdocs\bop\lib\Cake\View\View.php(907): View->_evaluate('E:\\xampp\\htdocs...', Array)
#11 E:\xampp\htdocs\bop\lib\Cake\View\View.php(471): View->_render('E:\\xampp\\htdocs...')
#12 E:\xampp\htdocs\bop\lib\Cake\Controller\Controller.php(948): View->render(NULL, NULL)
#13 E:\xampp\htdocs\bop\lib\Cake\Routing\Dispatcher.php(194): Controller->render()
#14 E:\xampp\htdocs\bop\lib\Cake\Routing\Dispatcher.php(162): Dispatcher->_invoke(Object(UsersController), Object(CakeRequest), Object(CakeResponse))
#15 E:\xampp\htdocs\bop\app\webroot\index.php(111): Dispatcher->dispatch(Object(CakeRequest), Object(CakeResponse))
#16 {main}
2015-06-22 18:33:00 Error: [MissingConnectionException] Database connection "Mysql" is missing, or could not be created.
Exception Attributes: array (
  'class' => 'Mysql',
  'message' => 'SQLSTATE[HY000] [1045] Access denied for user \'cssme126_pedi\'@\'localhost\' (using password: YES)',
  'enabled' => true,
)
Request URL: /bop/
Stack Trace:
#0 E:\xampp\htdocs\bop\lib\Cake\Model\Datasource\DboSource.php(262): Mysql->connect()
#1 E:\xampp\htdocs\bop\lib\Cake\Model\ConnectionManager.php(107): DboSource->__construct(Array)
#2 E:\xampp\htdocs\bop\lib\Cake\Model\Model.php(3221): ConnectionManager::getDataSource('default')
#3 E:\xampp\htdocs\bop\lib\Cake\Model\Model.php(1107): Model->setDataSource('default')
#4 E:\xampp\htdocs\bop\lib\Cake\Model\Model.php(3243): Model->setSource('users')
#5 E:\xampp\htdocs\bop\lib\Cake\Model\Model.php(1318): Model->getDataSource()
#6 E:\xampp\htdocs\bop\lib\Cake\View\Helper\FormHelper.php(199): Model->schema()
#7 E:\xampp\htdocs\bop\lib\Cake\View\Helper\FormHelper.php(453): FormHelper->_introspectModel('User', 'fields')
#8 E:\xampp\htdocs\bop\app\View\Users\admin_login.ctp(28): FormHelper->create(NULL, Array)
#9 E:\xampp\htdocs\bop\lib\Cake\View\View.php(945): include('E:\\xampp\\htdocs...')
#10 E:\xampp\htdocs\bop\lib\Cake\View\View.php(907): View->_evaluate('E:\\xampp\\htdocs...', Array)
#11 E:\xampp\htdocs\bop\lib\Cake\View\View.php(471): View->_render('E:\\xampp\\htdocs...')
#12 E:\xampp\htdocs\bop\lib\Cake\Controller\Controller.php(948): View->render(NULL, NULL)
#13 E:\xampp\htdocs\bop\lib\Cake\Routing\Dispatcher.php(194): Controller->render()
#14 E:\xampp\htdocs\bop\lib\Cake\Routing\Dispatcher.php(162): Dispatcher->_invoke(Object(UsersController), Object(CakeRequest), Object(CakeResponse))
#15 E:\xampp\htdocs\bop\app\webroot\index.php(111): Dispatcher->dispatch(Object(CakeRequest), Object(CakeResponse))
#16 {main}
2015-06-22 18:33:02 Error: [MissingConnectionException] Database connection "Mysql" is missing, or could not be created.
Exception Attributes: array (
  'class' => 'Mysql',
  'message' => 'SQLSTATE[HY000] [1045] Access denied for user \'cssme126_pedi\'@\'localhost\' (using password: YES)',
  'enabled' => true,
)
Request URL: /bop/
Stack Trace:
#0 E:\xampp\htdocs\bop\lib\Cake\Model\Datasource\DboSource.php(262): Mysql->connect()
#1 E:\xampp\htdocs\bop\lib\Cake\Model\ConnectionManager.php(107): DboSource->__construct(Array)
#2 E:\xampp\htdocs\bop\lib\Cake\Model\Model.php(3221): ConnectionManager::getDataSource('default')
#3 E:\xampp\htdocs\bop\lib\Cake\Model\Model.php(1107): Model->setDataSource('default')
#4 E:\xampp\htdocs\bop\lib\Cake\Model\Model.php(3243): Model->setSource('users')
#5 E:\xampp\htdocs\bop\lib\Cake\Model\Model.php(1318): Model->getDataSource()
#6 E:\xampp\htdocs\bop\lib\Cake\View\Helper\FormHelper.php(199): Model->schema()
#7 E:\xampp\htdocs\bop\lib\Cake\View\Helper\FormHelper.php(453): FormHelper->_introspectModel('User', 'fields')
#8 E:\xampp\htdocs\bop\app\View\Users\admin_login.ctp(28): FormHelper->create(NULL, Array)
#9 E:\xampp\htdocs\bop\lib\Cake\View\View.php(945): include('E:\\xampp\\htdocs...')
#10 E:\xampp\htdocs\bop\lib\Cake\View\View.php(907): View->_evaluate('E:\\xampp\\htdocs...', Array)
#11 E:\xampp\htdocs\bop\lib\Cake\View\View.php(471): View->_render('E:\\xampp\\htdocs...')
#12 E:\xampp\htdocs\bop\lib\Cake\Controller\Controller.php(948): View->render(NULL, NULL)
#13 E:\xampp\htdocs\bop\lib\Cake\Routing\Dispatcher.php(194): Controller->render()
#14 E:\xampp\htdocs\bop\lib\Cake\Routing\Dispatcher.php(162): Dispatcher->_invoke(Object(UsersController), Object(CakeRequest), Object(CakeResponse))
#15 E:\xampp\htdocs\bop\app\webroot\index.php(111): Dispatcher->dispatch(Object(CakeRequest), Object(CakeResponse))
#16 {main}
2015-06-22 18:33:16 Error: [MissingConnectionException] Database connection "Mysql" is missing, or could not be created.
Exception Attributes: array (
  'class' => 'Mysql',
  'message' => 'SQLSTATE[HY000] [1045] Access denied for user \'cssme126_pedi\'@\'localhost\' (using password: YES)',
  'enabled' => true,
)
Request URL: /bop/
Stack Trace:
#0 E:\xampp\htdocs\bop\lib\Cake\Model\Datasource\DboSource.php(262): Mysql->connect()
#1 E:\xampp\htdocs\bop\lib\Cake\Model\ConnectionManager.php(107): DboSource->__construct(Array)
#2 E:\xampp\htdocs\bop\lib\Cake\Model\Model.php(3221): ConnectionManager::getDataSource('default')
#3 E:\xampp\htdocs\bop\lib\Cake\Model\Model.php(1107): Model->setDataSource('default')
#4 E:\xampp\htdocs\bop\lib\Cake\Model\Model.php(3243): Model->setSource('users')
#5 E:\xampp\htdocs\bop\lib\Cake\Model\Model.php(1318): Model->getDataSource()
#6 E:\xampp\htdocs\bop\lib\Cake\View\Helper\FormHelper.php(199): Model->schema()
#7 E:\xampp\htdocs\bop\lib\Cake\View\Helper\FormHelper.php(453): FormHelper->_introspectModel('User', 'fields')
#8 E:\xampp\htdocs\bop\app\View\Users\admin_login.ctp(28): FormHelper->create(NULL, Array)
#9 E:\xampp\htdocs\bop\lib\Cake\View\View.php(945): include('E:\\xampp\\htdocs...')
#10 E:\xampp\htdocs\bop\lib\Cake\View\View.php(907): View->_evaluate('E:\\xampp\\htdocs...', Array)
#11 E:\xampp\htdocs\bop\lib\Cake\View\View.php(471): View->_render('E:\\xampp\\htdocs...')
#12 E:\xampp\htdocs\bop\lib\Cake\Controller\Controller.php(948): View->render(NULL, NULL)
#13 E:\xampp\htdocs\bop\lib\Cake\Routing\Dispatcher.php(194): Controller->render()
#14 E:\xampp\htdocs\bop\lib\Cake\Routing\Dispatcher.php(162): Dispatcher->_invoke(Object(UsersController), Object(CakeRequest), Object(CakeResponse))
#15 E:\xampp\htdocs\bop\app\webroot\index.php(111): Dispatcher->dispatch(Object(CakeRequest), Object(CakeResponse))
#16 {main}
2015-06-22 19:13:55 Error: [MissingTableException] Table breed_colors for model BreedColor was not found in datasource default.
Exception Attributes: array (
  'table' => 'breed_colors',
  'class' => 'BreedColor',
  'ds' => 'default',
)
Request URL: /bop/admin/breeds/view/2
Stack Trace:
#0 E:\xampp\htdocs\bop\lib\Cake\Model\Model.php(3243): Model->setSource('breed_colors')
#1 E:\xampp\htdocs\bop\lib\Cake\Model\Datasource\DboSource.php(1063): Model->getDataSource()
#2 E:\xampp\htdocs\bop\lib\Cake\Model\Model.php(2696): DboSource->read(Object(Breed), Array)
#3 E:\xampp\htdocs\bop\lib\Cake\Model\Model.php(1526): Model->find('first', Array)
#4 E:\xampp\htdocs\bop\app\Controller\BreedsController.php(141): Model->read(NULL, '2')
#5 [internal function]: BreedsController->admin_view('2')
#6 E:\xampp\htdocs\bop\lib\Cake\Controller\Controller.php(486): ReflectionMethod->invokeArgs(Object(BreedsController), Array)
#7 E:\xampp\htdocs\bop\lib\Cake\Routing\Dispatcher.php(187): Controller->invokeAction(Object(CakeRequest))
#8 E:\xampp\htdocs\bop\lib\Cake\Routing\Dispatcher.php(162): Dispatcher->_invoke(Object(BreedsController), Object(CakeRequest), Object(CakeResponse))
#9 E:\xampp\htdocs\bop\app\webroot\index.php(111): Dispatcher->dispatch(Object(CakeRequest), Object(CakeResponse))
#10 {main}
